<?xml version="1.0" encoding="UTF-8"?>
<!-- Generated by org.testng.reporters.JUnitReportReporter -->
<testsuite hostname="LAPTOP-DFFROJGO" failures="0" tests="1" name="testcases.GotocreateLead" time="0.042" errors="0" timestamp="04 Jul 2023 14:39:57 GMT" skipped="0">
  <testcase classname="testcases.GotocreateLead" name="fjjf" time="0.042"/>
</testsuite> <!-- testcases.GotocreateLead -->
