<?xml version="1.0" encoding="UTF-8"?>
<!-- Generated by org.testng.reporters.JUnitReportReporter -->
<testsuite hostname="LAPTOP-DFFROJGO" failures="0" tests="1" name="testcases.GotocreateLead" time="27.612" errors="0" timestamp="11 Apr 2023 14:45:02 GMT" skipped="0">
  <testcase classname="testcases.GotocreateLead" name="entering" time="27.612"/>
</testsuite> <!-- testcases.GotocreateLead -->
