<?xml version="1.0" encoding="UTF-8"?>
<!-- Generated by org.testng.reporters.JUnitReportReporter -->
<testsuite hostname="LAPTOP-DFFROJGO" failures="0" tests="1" name="Base.Baseclass" time="100.761" errors="0" timestamp="09 Apr 2023 07:46:38 GMT" skipped="0">
  <testcase classname="Base.Baseclass" name="gjhnk" time="100.761"/>
</testsuite> <!-- Base.Baseclass -->
