<?xml version="1.0" encoding="UTF-8"?>
<!-- Generated by org.testng.reporters.JUnitReportReporter -->
<testsuite hostname="LAPTOP-DFFROJGO" failures="0" tests="2" name="testcases.Loginandlogout" time="22.260" errors="0" timestamp="09 Apr 2023 13:36:45 GMT" skipped="0">
  <testcase classname="testcases.Loginandlogout" name="runLoginlogout" time="2.508"/>
  <testcase classname="testcases.Loginandlogout" name="gjhnk" time="19.752"/>
</testsuite> <!-- testcases.Loginandlogout -->
